<?xml version="1.0" encoding="UTF-8"?>
<!-- Generated by org.testng.reporters.JUnitReportReporter -->
<testsuite skipped="0" hostname="Scientist" name="test.PetTests" tests="5" failures="0" timestamp="23 Mar 2021 20:36:25 GMT" time="26.381" errors="0">
  <testcase name="verifyHomePageImg" time="7.964" classname="test.PetTests"/>
  <testcase name="findAllVets" time="0.788" classname="test.PetTests"/>
  <testcase name="findAllOwners" time="1.406" classname="test.PetTests"/>
  <testcase name="addOwnerPet" time="3.445" classname="test.PetTests"/>
  <testcase name="validateAddition" time="12.778" classname="test.PetTests"/>
</testsuite> <!-- test.PetTests -->
